# JRE version: Java(TM) SE Runtime Environment (8.0_111-b14) (build 1.8.0_111-b14)
# Java VM: Java HotSpot(TM) 64-Bit Server VM (25.111-b14 mixed mode windows-amd64 compressed oops)
Heap:
 PSYoungGen      total 57344K, used 13685K [0x0000000780900000, 0x0000000784900000, 0x00000007c0000000)
  eden space 49152K, 27% used [0x0000000780900000,0x000000078165d7d0,0x0000000783900000)
  from space 8192K, 0% used [0x0000000784100000,0x0000000784100000,0x0000000784900000)
  to   space 8192K, 0% used [0x0000000783900000,0x0000000783900000,0x0000000784100000)
 ParOldGen       total 71168K, used 13171K [0x0000000701a00000, 0x0000000705f80000, 0x0000000780900000)
  object space 71168K, 18% used [0x0000000701a00000,0x00000007026dcfd8,0x0000000705f80000)
 Metaspace       used 21621K, capacity 21930K, committed 22272K, reserved 1069056K
  class space    used 2620K, capacity 2695K, committed 2816K, reserved 1048576K
GC Heap History (6 events):
Event: 8.912 GC heap before
{Heap before GC invocations=1 (full 0):
 PSYoungGen      total 57344K, used 49152K [0x0000000780900000, 0x0000000784900000, 0x00000007c0000000)
  eden space 49152K, 100% used [0x0000000780900000,0x0000000783900000,0x0000000783900000)
  from space 8192K, 0% used [0x0000000784100000,0x0000000784100000,0x0000000784900000)
  to   space 8192K, 0% used [0x0000000783900000,0x0000000783900000,0x0000000784100000)
 ParOldGen       total 131072K, used 0K [0x0000000701a00000, 0x0000000709a00000, 0x0000000780900000)
  object space 131072K, 0% used [0x0000000701a00000,0x0000000701a00000,0x0000000709a00000)
 Metaspace       used 20041K, capacity 20256K, committed 20480K, reserved 1067008K
  class space    used 2447K, capacity 2520K, committed 2560K, reserved 1048576K
Event: 8.924 GC heap after
Heap after GC invocations=1 (full 0):
 PSYoungGen      total 57344K, used 8161K [0x0000000780900000, 0x0000000784900000, 0x00000007c0000000)
  eden space 49152K, 0% used [0x0000000780900000,0x0000000780900000,0x0000000783900000)
  from space 8192K, 99% used [0x0000000783900000,0x00000007840f86f0,0x0000000784100000)
  to   space 8192K, 0% used [0x0000000784100000,0x0000000784100000,0x0000000784900000)
 ParOldGen       total 131072K, used 6887K [0x0000000701a00000, 0x0000000709a00000, 0x0000000780900000)
  object space 131072K, 5% used [0x0000000701a00000,0x00000007020b9d58,0x0000000709a00000)
 Metaspace       used 20041K, capacity 20256K, committed 20480K, reserved 1067008K
  class space    used 2447K, capacity 2520K, committed 2560K, reserved 1048576K
}
Event: 66.588 GC heap before
{Heap before GC invocations=2 (full 0):
 PSYoungGen      total 57344K, used 38696K [0x0000000780900000, 0x0000000784900000, 0x00000007c0000000)
  eden space 49152K, 62% used [0x0000000780900000,0x00000007826d19c0,0x0000000783900000)
  from space 8192K, 99% used [0x0000000783900000,0x00000007840f86f0,0x0000000784100000)
  to   space 8192K, 0% used [0x0000000784100000,0x0000000784100000,0x0000000784900000)
 ParOldGen       total 131072K, used 6887K [0x0000000701a00000, 0x0000000709a00000, 0x0000000780900000)
  object space 131072K, 5% used [0x0000000701a00000,0x00000007020b9d58,0x0000000709a00000)
 Metaspace       used 20852K, capacity 21070K, committed 21248K, reserved 1069056K
  class space    used 2467K, capacity 2553K, committed 2560K, reserved 1048576K
Event: 66.596 GC heap after
Heap after GC invocations=2 (full 0):
 PSYoungGen      total 57344K, used 8174K [0x0000000780900000, 0x0000000784900000, 0x00000007c0000000)
  eden space 49152K, 0% used [0x0000000780900000,0x0000000780900000,0x0000000783900000)
  from space 8192K, 99% used [0x0000000784100000,0x00000007848fb800,0x0000000784900000)
  to   space 8192K, 0% used [0x0000000783900000,0x0000000783900000,0x0000000784100000)
 ParOldGen       total 131072K, used 7425K [0x0000000701a00000, 0x0000000709a00000, 0x0000000780900000)
  object space 131072K, 5% used [0x0000000701a00000,0x00000007021407b0,0x0000000709a00000)
 Metaspace       used 20852K, capacity 21070K, committed 21248K, reserved 1069056K
  class space    used 2467K, capacity 2553K, committed 2560K, reserved 1048576K
}
Event: 66.596 GC heap before
{Heap before GC invocations=3 (full 1):
 PSYoungGen      total 57344K, used 8174K [0x0000000780900000, 0x0000000784900000, 0x00000007c0000000)
  eden space 49152K, 0% used [0x0000000780900000,0x0000000780900000,0x0000000783900000)
  from space 8192K, 99% used [0x0000000784100000,0x00000007848fb800,0x0000000784900000)
  to   space 8192K, 0% used [0x0000000783900000,0x0000000783900000,0x0000000784100000)
 ParOldGen       total 131072K, used 7425K [0x0000000701a00000, 0x0000000709a00000, 0x0000000780900000)
  object space 131072K, 5% used [0x0000000701a00000,0x00000007021407b0,0x0000000709a00000)
 Metaspace       used 20852K, capacity 21070K, committed 21248K, reserved 1069056K
  class space    used 2467K, capacity 2553K, committed 2560K, reserved 1048576K
Event: 66.634 GC heap after
Heap after GC invocations=3 (full 1):
 PSYoungGen      total 57344K, used 0K [0x0000000780900000, 0x0000000784900000, 0x00000007c0000000)
  eden space 49152K, 0% used [0x0000000780900000,0x0000000780900000,0x0000000783900000)
  from space 8192K, 0% used [0x0000000784100000,0x0000000784100000,0x0000000784900000)
  to   space 8192K, 0% used [0x0000000783900000,0x0000000783900000,0x0000000784100000)
 ParOldGen       total 71168K, used 13171K [0x0000000701a00000, 0x0000000705f80000, 0x0000000780900000)
  object space 71168K, 18% used [0x0000000701a00000,0x00000007026dcfd8,0x0000000705f80000)
 Metaspace       used 20852K, capacity 21070K, committed 21248K, reserved 1069056K
  class space    used 2467K, capacity 2553K, committed 2560K, reserved 1048576K
}

